Removed Pin From Net: NetName=3V Pin=C23-2
Removed Pin From Net: NetName=3V Pin=C24-2
Removed Pin From Net: NetName=3V Pin=C25-2
Removed Pin From Net: NetName=3V Pin=C26-2
Removed Pin From Net: NetName=3V Pin=C27-2
Removed Pin From Net: NetName=3V Pin=C28-2
Removed Pin From Net: NetName=3V Pin=C29-2
Removed Pin From Net: NetName=3V Pin=C38-2
Removed Pin From Net: NetName=3V Pin=C39-2
Removed Pin From Net: NetName=3V Pin=C40-2
Removed Pin From Net: NetName=3V Pin=C41-2
Removed Pin From Net: NetName=3V Pin=C42-2
Removed Pin From Net: NetName=3V Pin=C43-2
Removed Pin From Net: NetName=3V Pin=C44-2
Removed Pin From Net: NetName=3V Pin=C45-2
Removed Pin From Net: NetName=3V Pin=C46-2
Removed Pin From Net: NetName=3V Pin=C52-2
Removed Pin From Net: NetName=3V Pin=CN3-1
Removed Pin From Net: NetName=3V Pin=CN4-6
Removed Pin From Net: NetName=3V Pin=CN4-7
Removed Pin From Net: NetName=3V Pin=CN4-8
Removed Pin From Net: NetName=3V Pin=CN4-44
Removed Pin From Net: NetName=3V Pin=CN5-5
Removed Pin From Net: NetName=3V Pin=D1-1
Removed Pin From Net: NetName=3V Pin=JP3-1
Removed Pin From Net: NetName=3V Pin=P2-1
Removed Pin From Net: NetName=3V Pin=P2-2
Removed Pin From Net: NetName=3V Pin=R4-2
Removed Pin From Net: NetName=3V Pin=R6-1
Removed Pin From Net: NetName=3V Pin=R12-2
Removed Pin From Net: NetName=3V Pin=R13-2
Removed Pin From Net: NetName=3V Pin=R24-2
Removed Pin From Net: NetName=3V Pin=R25-2
Removed Pin From Net: NetName=3V Pin=R26-2
Removed Pin From Net: NetName=3V Pin=R29-1
Removed Pin From Net: NetName=3V Pin=R38-2
Removed Pin From Net: NetName=3V Pin=R39-2
Removed Pin From Net: NetName=3V Pin=R40-2
Removed Pin From Net: NetName=3V Pin=R43-2
Removed Pin From Net: NetName=3V Pin=SB10-2
Removed Pin From Net: NetName=3V Pin=SB15-2
Removed Pin From Net: NetName=3V Pin=U2-1
Removed Pin From Net: NetName=3V Pin=U2-1
Removed Pin From Net: NetName=3V Pin=U2-3
Removed Pin From Net: NetName=3V Pin=U2-9
Removed Pin From Net: NetName=3V Pin=U2-14
Removed Pin From Net: NetName=3V Pin=U2-27
Removed Pin From Net: NetName=3V Pin=U2-43
Removed Pin From Net: NetName=3V Pin=U2-49
Removed Pin From Net: NetName=3V Pin=U3-1
Removed Pin From Net: NetName=3V Pin=U3-9
Removed Pin From Net: NetName=3V Pin=U3-24
Removed Pin From Net: NetName=3V Pin=U3-36
Removed Pin From Net: NetName=3V Pin=U3-48
Removed Pin From Net: NetName=3V Pin=U5-3
Removed Pin From Net: NetName=3V Pin=U5-6
Removed Pin From Net: NetName=3V Pin=U5-14
Removed Pin From Net: NetName=3V Pin=U6-1
Removed Pin From Net: NetName=3V Pin=U6-15
Removed Pin From Net: NetName=3V Pin=U6-16
Change Net Name : Old Net Name=3V New Net Name=GND
Added Pin To Net: NetName=3V Pin=C23-2
Added Pin To Net: NetName=3V Pin=C24-2
Added Pin To Net: NetName=3V Pin=C25-2
Added Pin To Net: NetName=3V Pin=C26-2
Added Pin To Net: NetName=3V Pin=C27-2
Added Pin To Net: NetName=3V Pin=C28-2
Added Pin To Net: NetName=3V Pin=C29-2
Added Pin To Net: NetName=3V Pin=C38-2
Added Pin To Net: NetName=3V Pin=C39-2
Added Pin To Net: NetName=3V Pin=C40-2
Added Pin To Net: NetName=3V Pin=C41-2
Added Pin To Net: NetName=3V Pin=C42-2
Added Pin To Net: NetName=3V Pin=C43-2
Added Pin To Net: NetName=3V Pin=C44-2
Added Pin To Net: NetName=3V Pin=C45-2
Added Pin To Net: NetName=3V Pin=C46-2
Added Pin To Net: NetName=3V Pin=C52-2
Added Pin To Net: NetName=3V Pin=CN3-1
Added Pin To Net: NetName=3V Pin=CN4-6
Added Pin To Net: NetName=3V Pin=CN4-7
Added Pin To Net: NetName=3V Pin=CN4-8
Added Pin To Net: NetName=3V Pin=CN4-44
Added Pin To Net: NetName=3V Pin=CN5-5
Added Pin To Net: NetName=3V Pin=D1-1
Added Pin To Net: NetName=3V Pin=JP3-1
Added Pin To Net: NetName=3V Pin=P2-1
Added Pin To Net: NetName=3V Pin=P2-2
Added Pin To Net: NetName=3V Pin=R4-2
Added Pin To Net: NetName=3V Pin=R6-1
Added Pin To Net: NetName=3V Pin=R12-2
Added Pin To Net: NetName=3V Pin=R13-2
Added Pin To Net: NetName=3V Pin=R24-2
Added Pin To Net: NetName=3V Pin=R25-2
Added Pin To Net: NetName=3V Pin=R26-2
Added Pin To Net: NetName=3V Pin=R29-1
Added Pin To Net: NetName=3V Pin=R38-2
Added Pin To Net: NetName=3V Pin=R39-2
Added Pin To Net: NetName=3V Pin=R40-2
Added Pin To Net: NetName=3V Pin=R43-2
Added Pin To Net: NetName=3V Pin=SB10-2
Added Pin To Net: NetName=3V Pin=SB15-2
Added Pin To Net: NetName=3V Pin=U2-1
Added Pin To Net: NetName=3V Pin=U2-1
Added Pin To Net: NetName=3V Pin=U2-3
Added Pin To Net: NetName=3V Pin=U2-9
Added Pin To Net: NetName=3V Pin=U2-14
Added Pin To Net: NetName=3V Pin=U2-27
Added Pin To Net: NetName=3V Pin=U2-43
Added Pin To Net: NetName=3V Pin=U2-49
Added Pin To Net: NetName=3V Pin=U3-1
Added Pin To Net: NetName=3V Pin=U3-9
Added Pin To Net: NetName=3V Pin=U3-24
Added Pin To Net: NetName=3V Pin=U3-36
Added Pin To Net: NetName=3V Pin=U3-48
Added Pin To Net: NetName=3V Pin=U5-3
Added Pin To Net: NetName=3V Pin=U5-6
Added Pin To Net: NetName=3V Pin=U5-14
Added Pin To Net: NetName=3V Pin=U6-1
Added Pin To Net: NetName=3V Pin=U6-15
Added Pin To Net: NetName=3V Pin=U6-16
Added Net: Name=3V
